Performing C SOURCE FILE Test CMAKE_HAVE_LIBC_PTHREAD failed with the following output:
Change Dir: /home/jun/Desktop/workspace/cproj/grpc/examples/cpp/helloworld/cmake-build-debug/CMakeFiles/CMakeTmp

Run Build Command(s):/usr/bin/make cmTC_482c9/fast && /usr/bin/make -f CMakeFiles/cmTC_482c9.dir/build.make CMakeFiles/cmTC_482c9.dir/build
make[1]: Entering directory '/home/jun/Desktop/workspace/cproj/grpc/examples/cpp/helloworld/cmake-build-debug/CMakeFiles/CMakeTmp'
Building C object CMakeFiles/cmTC_482c9.dir/src.c.o
/usr/bin/cc   -DCMAKE_HAVE_LIBC_PTHREAD   -o CMakeFiles/cmTC_482c9.dir/src.c.o   -c /home/jun/Desktop/workspace/cproj/grpc/examples/cpp/helloworld/cmake-build-debug/CMakeFiles/CMakeTmp/src.c
Linking C executable cmTC_482c9
/opt/clion-2019.2.3/bin/cmake/linux/bin/cmake -E cmake_link_script CMakeFiles/cmTC_482c9.dir/link.txt --verbose=1
/usr/bin/cc  -DCMAKE_HAVE_LIBC_PTHREAD    CMakeFiles/cmTC_482c9.dir/src.c.o  -o cmTC_482c9 
CMakeFiles/cmTC_482c9.dir/src.c.o: In function `main':
src.c:(.text+0x3c): undefined reference to `pthread_create'
src.c:(.text+0x48): undefined reference to `pthread_detach'
src.c:(.text+0x59): undefined reference to `pthread_join'
src.c:(.text+0x6d): undefined reference to `pthread_atfork'
collect2: error: ld returned 1 exit status
CMakeFiles/cmTC_482c9.dir/build.make:86: recipe for target 'cmTC_482c9' failed
make[1]: *** [cmTC_482c9] Error 1
make[1]: Leaving directory '/home/jun/Desktop/workspace/cproj/grpc/examples/cpp/helloworld/cmake-build-debug/CMakeFiles/CMakeTmp'
Makefile:121: recipe for target 'cmTC_482c9/fast' failed
make: *** [cmTC_482c9/fast] Error 2


Source file was:
#include <pthread.h>

void* test_func(void* data)
{
  return data;
}

int main(void)
{
  pthread_t thread;
  pthread_create(&thread, NULL, test_func, NULL);
  pthread_detach(thread);
  pthread_join(thread, NULL);
  pthread_atfork(NULL, NULL, NULL);
  pthread_exit(NULL);

  return 0;
}

Determining if the function pthread_create exists in the pthreads failed with the following output:
Change Dir: /home/jun/Desktop/workspace/cproj/grpc/examples/cpp/helloworld/cmake-build-debug/CMakeFiles/CMakeTmp

Run Build Command(s):/usr/bin/make cmTC_1e9bf/fast && /usr/bin/make -f CMakeFiles/cmTC_1e9bf.dir/build.make CMakeFiles/cmTC_1e9bf.dir/build
make[1]: Entering directory '/home/jun/Desktop/workspace/cproj/grpc/examples/cpp/helloworld/cmake-build-debug/CMakeFiles/CMakeTmp'
Building C object CMakeFiles/cmTC_1e9bf.dir/CheckFunctionExists.c.o
/usr/bin/cc   -DCHECK_FUNCTION_EXISTS=pthread_create   -o CMakeFiles/cmTC_1e9bf.dir/CheckFunctionExists.c.o   -c /opt/clion-2019.2.3/bin/cmake/linux/share/cmake-3.15/Modules/CheckFunctionExists.c
Linking C executable cmTC_1e9bf
/opt/clion-2019.2.3/bin/cmake/linux/bin/cmake -E cmake_link_script CMakeFiles/cmTC_1e9bf.dir/link.txt --verbose=1
/usr/bin/cc  -DCHECK_FUNCTION_EXISTS=pthread_create    CMakeFiles/cmTC_1e9bf.dir/CheckFunctionExists.c.o  -o cmTC_1e9bf -lpthreads 
/usr/bin/ld: cannot find -lpthreads
collect2: error: ld returned 1 exit status
CMakeFiles/cmTC_1e9bf.dir/build.make:86: recipe for target 'cmTC_1e9bf' failed
make[1]: *** [cmTC_1e9bf] Error 1
make[1]: Leaving directory '/home/jun/Desktop/workspace/cproj/grpc/examples/cpp/helloworld/cmake-build-debug/CMakeFiles/CMakeTmp'
Makefile:121: recipe for target 'cmTC_1e9bf/fast' failed
make: *** [cmTC_1e9bf/fast] Error 2



